{
  "stats": {
    "suites": 2,
    "tests": 5,
    "passes": 1,
    "pending": 0,
    "failures": 4,
    "start": "2019-08-03T19:44:58.188Z",
    "end": "2019-08-03T19:47:03.320Z",
    "duration": 125132,
    "testsRegistered": 5,
    "passPercent": 20,
    "pendingPercent": 0,
    "other": 0,
    "hasOther": false,
    "skipped": 0,
    "hasSkipped": false
  },
  "results": [
    {
      "uuid": "b8305db6-a467-4c7a-9162-a0da067a6bb8",
      "title": "",
      "fullFile": "",
      "file": "",
      "beforeHooks": [],
      "afterHooks": [],
      "tests": [],
      "suites": [
        {
          "uuid": "13a37f64-a93e-40c2-8930-a067eb5a8a20",
          "title": "MILESTONE-3 -- perspective of a logged-in user creating a meeting and receiving the notes",
          "fullFile": "",
          "file": "",
          "beforeHooks": [],
          "afterHooks": [],
          "tests": [],
          "suites": [
            {
              "uuid": "04156ed7-4013-4426-98d2-1c87e96c4459",
              "title": "Meeting",
              "fullFile": "",
              "file": "",
              "beforeHooks": [],
              "afterHooks": [],
              "tests": [
                {
                  "title": "should create a meeting",
                  "fullTitle": "MILESTONE-3 -- perspective of a logged-in user creating a meeting and receiving the notes Meeting should create a meeting",
                  "timedOut": null,
                  "duration": 2695,
                  "state": "passed",
                  "speed": "slow",
                  "pass": true,
                  "fail": false,
                  "pending": false,
                  "context": null,
                  "code": "var query = \"mutation{\\n          liveMeeting(email: \\\"\".concat(email, \"\\\", phone: \\\"\").concat(phone, \"\\\", digits: \\\"\").concat(digits, \"\\\", duration: \").concat(duration, \", title: \\\"\").concat(title, \"\\\")\\n      }\");\ncy.request({\n  method: \"POST\",\n  url: \"https://dev.firefliesapp.com/graphql\",\n  body: {\n    query: query\n  },\n  failOnStatusCode: false,\n  headers: {\n    Authorization: \"Bearer 7437-81ae6f9c61f01a2946c462cd6827decb\"\n  }\n}).then(function (res) {\n  expect(res.body.data.liveMeeting).to.equals(true);\n});",
                  "err": {},
                  "uuid": "c53feca8-9808-474a-a1c2-fec4990fd89e",
                  "parentUUID": "04156ed7-4013-4426-98d2-1c87e96c4459",
                  "isHook": false,
                  "skipped": false
                },
                {
                  "title": "Should assert the creation of the meeting on the dashboard",
                  "fullTitle": "MILESTONE-3 -- perspective of a logged-in user creating a meeting and receiving the notes Meeting Should assert the creation of the meeting on the dashboard",
                  "timedOut": null,
                  "duration": 92141,
                  "state": "failed",
                  "speed": null,
                  "pass": false,
                  "fail": true,
                  "pending": false,
                  "context": null,
                  "code": "cy.doLogin();\ncy.get(\".live-meeting-holder\").first().contains(title);\ncy.visit(\"/notebook\").location(\"pathname\").should(\"eq\", \"/notebook\").wait(5000).get(\".driver-close-only-btn\").click().get(\".ffnb-custom-card-holder\").last().click();\ncy.wait(2000);\ncy.window().then(function (win) {\n  var res = win.MeetingNotes.findOne();\n  var args = {\n    insertToMongo: true\n  };\n  win.Meteor.call('sendRandomMeeting', null, args, res);\n});\ncy.visit(\"/notebook\").location(\"pathname\").should(\"eq\", \"/notebook\").wait(5000).get(\".ffnb-custom-card-holder\").last().click();",
                  "err": {
                    "message": "CypressError: Timed out retrying: Expected to find element: '.live-meeting-holder', but never found it.",
                    "estack": "CypressError: Timed out retrying: Expected to find element: '.live-meeting-holder', but never found it.\n    at Object.cypressErr (https://app.fireflies.ai/__cypress/runner/cypress_runner.js:83220:11)\n    at Object.throwErr (https://app.fireflies.ai/__cypress/runner/cypress_runner.js:83185:18)\n    at Object.throwErrByPath (https://app.fireflies.ai/__cypress/runner/cypress_runner.js:83212:17)\n    at retry (https://app.fireflies.ai/__cypress/runner/cypress_runner.js:76640:16)\n    at https://app.fireflies.ai/__cypress/runner/cypress_runner.js:68612:18\n    at tryCatcher (https://app.fireflies.ai/__cypress/runner/cypress_runner.js:132142:23)\n    at Promise._settlePromiseFromHandler (https://app.fireflies.ai/__cypress/runner/cypress_runner.js:130160:31)\n    at Promise._settlePromise (https://app.fireflies.ai/__cypress/runner/cypress_runner.js:130217:18)\n    at Promise._settlePromise0 (https://app.fireflies.ai/__cypress/runner/cypress_runner.js:130262:10)\n    at Promise._settlePromises (https://app.fireflies.ai/__cypress/runner/cypress_runner.js:130337:18)\n    at Async._drainQueue (https://app.fireflies.ai/__cypress/runner/cypress_runner.js:127066:16)\n    at Async._drainQueues (https://app.fireflies.ai/__cypress/runner/cypress_runner.js:127076:10)\n    at Async.drainQueues (https://app.fireflies.ai/__cypress/runner/cypress_runner.js:126950:14)\n    at <anonymous>",
                    "diff": null
                  },
                  "uuid": "45dfafee-ad56-43ed-ad9a-dbda146479ac",
                  "parentUUID": "04156ed7-4013-4426-98d2-1c87e96c4459",
                  "isHook": false,
                  "skipped": false
                },
                {
                  "title": "Should toggle edit mode",
                  "fullTitle": "MILESTONE-3 -- perspective of a logged-in user creating a meeting and receiving the notes Meeting Should toggle edit mode",
                  "timedOut": null,
                  "duration": 4725,
                  "state": "failed",
                  "speed": null,
                  "pass": false,
                  "fail": true,
                  "pending": false,
                  "context": null,
                  "code": "cy.get(\".toggle-button_20Xvrg\").find(\"span\").first().click().should(\"have.css\", \"background-color\", \"rgb(183, 77, 195)\").click().should(\"have.css\", \"background-color\", \"rgb(77, 79, 92)\");",
                  "err": {
                    "message": "CypressError: Timed out retrying: Expected to find element: '.toggle-button_20Xvrg', but never found it.",
                    "estack": "CypressError: Timed out retrying: Expected to find element: '.toggle-button_20Xvrg', but never found it.\n    at Object.cypressErr (https://app.fireflies.ai/__cypress/runner/cypress_runner.js:83220:11)\n    at Object.throwErr (https://app.fireflies.ai/__cypress/runner/cypress_runner.js:83185:18)\n    at Object.throwErrByPath (https://app.fireflies.ai/__cypress/runner/cypress_runner.js:83212:17)\n    at retry (https://app.fireflies.ai/__cypress/runner/cypress_runner.js:76640:16)\n    at https://app.fireflies.ai/__cypress/runner/cypress_runner.js:68612:18\n    at tryCatcher (https://app.fireflies.ai/__cypress/runner/cypress_runner.js:132142:23)\n    at Promise._settlePromiseFromHandler (https://app.fireflies.ai/__cypress/runner/cypress_runner.js:130160:31)\n    at Promise._settlePromise (https://app.fireflies.ai/__cypress/runner/cypress_runner.js:130217:18)\n    at Promise._settlePromise0 (https://app.fireflies.ai/__cypress/runner/cypress_runner.js:130262:10)\n    at Promise._settlePromises (https://app.fireflies.ai/__cypress/runner/cypress_runner.js:130337:18)\n    at Async._drainQueue (https://app.fireflies.ai/__cypress/runner/cypress_runner.js:127066:16)\n    at Async._drainQueues (https://app.fireflies.ai/__cypress/runner/cypress_runner.js:127076:10)\n    at Async.drainQueues (https://app.fireflies.ai/__cypress/runner/cypress_runner.js:126950:14)\n    at <anonymous>",
                    "diff": null
                  },
                  "uuid": "51c025e6-3e97-4eb3-83ed-847bf9b50ff5",
                  "parentUUID": "04156ed7-4013-4426-98d2-1c87e96c4459",
                  "isHook": false,
                  "skipped": false
                },
                {
                  "title": "Should load and play audio",
                  "fullTitle": "MILESTONE-3 -- perspective of a logged-in user creating a meeting and receiving the notes Meeting Should load and play audio",
                  "timedOut": null,
                  "duration": 4864,
                  "state": "failed",
                  "speed": null,
                  "pass": false,
                  "fail": true,
                  "pending": false,
                  "context": null,
                  "code": "cy.get(\".sb-soundplayer-icon\").find(\"path\").first().should(\"have.attr\", \"d\", \"M0 0 L32 16 L0 32 z\").click();\ncy.get(\".sb-soundplayer-icon\").find(\"path\").first().should(\"have.attr\", \"d\", \"M0 0 H12 V32 H0 z M20 0 H32 V32 H20 z\").click({\n  force: true\n});",
                  "err": {
                    "message": "CypressError: Timed out retrying: Expected to find element: '.sb-soundplayer-icon', but never found it.",
                    "estack": "CypressError: Timed out retrying: Expected to find element: '.sb-soundplayer-icon', but never found it.\n    at Object.cypressErr (https://app.fireflies.ai/__cypress/runner/cypress_runner.js:83220:11)\n    at Object.throwErr (https://app.fireflies.ai/__cypress/runner/cypress_runner.js:83185:18)\n    at Object.throwErrByPath (https://app.fireflies.ai/__cypress/runner/cypress_runner.js:83212:17)\n    at retry (https://app.fireflies.ai/__cypress/runner/cypress_runner.js:76640:16)\n    at https://app.fireflies.ai/__cypress/runner/cypress_runner.js:68612:18\n    at tryCatcher (https://app.fireflies.ai/__cypress/runner/cypress_runner.js:132142:23)\n    at Promise._settlePromiseFromHandler (https://app.fireflies.ai/__cypress/runner/cypress_runner.js:130160:31)\n    at Promise._settlePromise (https://app.fireflies.ai/__cypress/runner/cypress_runner.js:130217:18)\n    at Promise._settlePromise0 (https://app.fireflies.ai/__cypress/runner/cypress_runner.js:130262:10)\n    at Promise._settlePromises (https://app.fireflies.ai/__cypress/runner/cypress_runner.js:130337:18)\n    at Async._drainQueue (https://app.fireflies.ai/__cypress/runner/cypress_runner.js:127066:16)\n    at Async._drainQueues (https://app.fireflies.ai/__cypress/runner/cypress_runner.js:127076:10)\n    at Async.drainQueues (https://app.fireflies.ai/__cypress/runner/cypress_runner.js:126950:14)\n    at <anonymous>",
                    "diff": null
                  },
                  "uuid": "613df2a4-69a0-46f7-bee9-b77dcc958d53",
                  "parentUUID": "04156ed7-4013-4426-98d2-1c87e96c4459",
                  "isHook": false,
                  "skipped": false
                },
                {
                  "title": "should delete meeting forever",
                  "fullTitle": "MILESTONE-3 -- perspective of a logged-in user creating a meeting and receiving the notes Meeting should delete meeting forever",
                  "timedOut": null,
                  "duration": 5036,
                  "state": "failed",
                  "speed": null,
                  "pass": false,
                  "fail": true,
                  "pending": false,
                  "context": null,
                  "code": "cy.get(\".ff-icon-delete\").first().click();\ncy.get(\"#menu-list\").last().find('li').first().click({\n  force: true\n});",
                  "err": {
                    "message": "CypressError: Timed out retrying: Expected to find element: '.ff-icon-delete', but never found it.",
                    "estack": "CypressError: Timed out retrying: Expected to find element: '.ff-icon-delete', but never found it.\n    at Object.cypressErr (https://app.fireflies.ai/__cypress/runner/cypress_runner.js:83220:11)\n    at Object.throwErr (https://app.fireflies.ai/__cypress/runner/cypress_runner.js:83185:18)\n    at Object.throwErrByPath (https://app.fireflies.ai/__cypress/runner/cypress_runner.js:83212:17)\n    at retry (https://app.fireflies.ai/__cypress/runner/cypress_runner.js:76640:16)\n    at https://app.fireflies.ai/__cypress/runner/cypress_runner.js:68612:18\n    at tryCatcher (https://app.fireflies.ai/__cypress/runner/cypress_runner.js:132142:23)\n    at Promise._settlePromiseFromHandler (https://app.fireflies.ai/__cypress/runner/cypress_runner.js:130160:31)\n    at Promise._settlePromise (https://app.fireflies.ai/__cypress/runner/cypress_runner.js:130217:18)\n    at Promise._settlePromise0 (https://app.fireflies.ai/__cypress/runner/cypress_runner.js:130262:10)\n    at Promise._settlePromises (https://app.fireflies.ai/__cypress/runner/cypress_runner.js:130337:18)\n    at Async._drainQueue (https://app.fireflies.ai/__cypress/runner/cypress_runner.js:127066:16)\n    at Async._drainQueues (https://app.fireflies.ai/__cypress/runner/cypress_runner.js:127076:10)\n    at Async.drainQueues (https://app.fireflies.ai/__cypress/runner/cypress_runner.js:126950:14)\n    at <anonymous>",
                    "diff": null
                  },
                  "uuid": "c9b12c66-ab2a-4268-87a2-c3328a0659ba",
                  "parentUUID": "04156ed7-4013-4426-98d2-1c87e96c4459",
                  "isHook": false,
                  "skipped": false
                }
              ],
              "suites": [],
              "passes": [
                "c53feca8-9808-474a-a1c2-fec4990fd89e"
              ],
              "failures": [
                "45dfafee-ad56-43ed-ad9a-dbda146479ac",
                "51c025e6-3e97-4eb3-83ed-847bf9b50ff5",
                "613df2a4-69a0-46f7-bee9-b77dcc958d53",
                "c9b12c66-ab2a-4268-87a2-c3328a0659ba"
              ],
              "pending": [],
              "skipped": [],
              "duration": 109461,
              "root": false,
              "rootEmpty": false,
              "_timeout": 2000
            }
          ],
          "passes": [],
          "failures": [],
          "pending": [],
          "skipped": [],
          "duration": 0,
          "root": false,
          "rootEmpty": false,
          "_timeout": 2000
        }
      ],
      "passes": [],
      "failures": [],
      "pending": [],
      "skipped": [],
      "duration": 0,
      "root": true,
      "rootEmpty": true,
      "_timeout": 2000
    }
  ],
  "meta": {
    "mocha": {
      "version": "5.2.0"
    },
    "mochawesome": {
      "options": {
        "quiet": false,
        "reportFilename": "mochawesome",
        "saveHtml": false,
        "saveJson": true,
        "useInlineDiffs": false
      },
      "version": "4.0.1"
    },
    "marge": {
      "options": {
        "reportDir": "cypress/results",
        "overwrite": false,
        "html": false,
        "json": true
      },
      "version": "4.0.1"
    }
  }
}