{
  "stats": {
    "suites": 3,
    "tests": 5,
    "passes": 3,
    "pending": 0,
    "failures": 2,
    "start": "2019-08-03T19:42:10.400Z",
    "end": "2019-08-03T19:44:18.676Z",
    "duration": 128276,
    "testsRegistered": 5,
    "passPercent": 60,
    "pendingPercent": 0,
    "other": 0,
    "hasOther": false,
    "skipped": 0,
    "hasSkipped": false
  },
  "results": [
    {
      "uuid": "8f35dc7d-03e1-4fbc-a23a-19dbb08fa017",
      "title": "",
      "fullFile": "",
      "file": "",
      "beforeHooks": [],
      "afterHooks": [],
      "tests": [],
      "suites": [
        {
          "uuid": "d9a3b83a-fdd3-4132-a395-442497bf4cca",
          "title": "MILESTONE-2 -- Test for the dashboard from the perspective of a logged-in user performing common navigation actions",
          "fullFile": "",
          "file": "",
          "beforeHooks": [],
          "afterHooks": [],
          "tests": [],
          "suites": [
            {
              "uuid": "13f506a2-fbc7-497b-a97b-44d33ffdd0d9",
              "title": "Teammate Invitation",
              "fullFile": "",
              "file": "",
              "beforeHooks": [],
              "afterHooks": [],
              "tests": [
                {
                  "title": "should send teammate invite",
                  "fullTitle": "MILESTONE-2 -- Test for the dashboard from the perspective of a logged-in user performing common navigation actions Teammate Invitation should send teammate invite",
                  "timedOut": null,
                  "duration": 82332,
                  "state": "failed",
                  "speed": null,
                  "pass": false,
                  "fail": true,
                  "pending": false,
                  "context": null,
                  "code": "cy.get(\".upscentral-button-separator\").find(\".invite-teammates\").should(\"have.text\", \"Invite Teammates\").click();\ncy.get(\".team-wrapper\").find(\"h3\").first().should(\"have.text\", \"Invite Teammates \"); //mind the space\ncy.get(\".invite-input-container\").find(\".email-input\").should(\"have.value\", \"\").type(invite_email).get(\".name-input\").should(\"have.value\", \"\").type(\"Oluwafisayo\").get(\"#send\").find(\".shared-ui-button_1RE5sx\").should(\"have.text\", \"sendSend Invitations\") //mind the sendSend. not a typo. trying to parse the icon.\n.click() // .find(\".shared-ui-button_1RE5sx\")\n.should(\"have.text\", \"sendSending...\") //mind the sendSending... not a typo. trying to parse the icon.\n.wait(100).get(\".add-members-container\").should(\"have.text\", \"checkInvitations Sent Successfully\"); //mind the checkInvitations. not a typo. trying to parse the icon.",
                  "err": {
                    "message": "CypressError: Timed out retrying: cy.should() failed because this element is detached from the DOM.\n\n<button icon=\"send\" text=\"Send Invitations\" class=\"shared-ui-button_1RE5sx text-icon-button_Z1HQdOu add-text-button\">...</button>\n\nCypress requires elements be attached in the DOM to interact with them.\n\nThe previous command that ran was:\n\n  > cy.should()\n\nThis DOM element likely became detached somewhere between the previous and current command.\n\nCommon situations why this happens:\n  - Your JS framework re-rendered asynchronously\n  - Your app code reacted to an event firing and removed the element\n\nYou typically need to re-query for the element or add 'guards' which delay Cypress from running new commands.\n\nhttps://on.cypress.io/element-has-detached-from-dom",
                    "estack": "CypressError: Timed out retrying: cy.should() failed because this element is detached from the DOM.\n\n<button icon=\"send\" text=\"Send Invitations\" class=\"shared-ui-button_1RE5sx text-icon-button_Z1HQdOu add-text-button\">...</button>\n\nCypress requires elements be attached in the DOM to interact with them.\n\nThe previous command that ran was:\n\n  > cy.should()\n\nThis DOM element likely became detached somewhere between the previous and current command.\n\nCommon situations why this happens:\n  - Your JS framework re-rendered asynchronously\n  - Your app code reacted to an event firing and removed the element\n\nYou typically need to re-query for the element or add 'guards' which delay Cypress from running new commands.\n\nhttps://on.cypress.io/element-has-detached-from-dom\n    at Object.cypressErr (https://app.fireflies.ai/__cypress/runner/cypress_runner.js:83220:11)\n    at Object.throwErr (https://app.fireflies.ai/__cypress/runner/cypress_runner.js:83185:18)\n    at Object.throwErrByPath (https://app.fireflies.ai/__cypress/runner/cypress_runner.js:83212:17)\n    at retry (https://app.fireflies.ai/__cypress/runner/cypress_runner.js:76640:16)\n    at https://app.fireflies.ai/__cypress/runner/cypress_runner.js:68612:18\n    at tryCatcher (https://app.fireflies.ai/__cypress/runner/cypress_runner.js:132142:23)\n    at Promise._settlePromiseFromHandler (https://app.fireflies.ai/__cypress/runner/cypress_runner.js:130160:31)\n    at Promise._settlePromise (https://app.fireflies.ai/__cypress/runner/cypress_runner.js:130217:18)\n    at Promise._settlePromise0 (https://app.fireflies.ai/__cypress/runner/cypress_runner.js:130262:10)\n    at Promise._settlePromises (https://app.fireflies.ai/__cypress/runner/cypress_runner.js:130337:18)\n    at Async._drainQueue (https://app.fireflies.ai/__cypress/runner/cypress_runner.js:127066:16)\n    at Async._drainQueues (https://app.fireflies.ai/__cypress/runner/cypress_runner.js:127076:10)\n    at Async.drainQueues (https://app.fireflies.ai/__cypress/runner/cypress_runner.js:126950:14)\n    at <anonymous>",
                    "diff": null
                  },
                  "uuid": "21f35829-3b59-4203-bbc8-f442467e662f",
                  "parentUUID": "13f506a2-fbc7-497b-a97b-44d33ffdd0d9",
                  "isHook": false,
                  "skipped": false
                },
                {
                  "title": "Should remove an input row",
                  "fullTitle": "MILESTONE-2 -- Test for the dashboard from the perspective of a logged-in user performing common navigation actions Teammate Invitation Should remove an input row",
                  "timedOut": null,
                  "duration": 1243,
                  "state": "passed",
                  "speed": "slow",
                  "pass": true,
                  "fail": false,
                  "pending": false,
                  "context": null,
                  "code": "cy.get(\"input\").first().should(\"be.visible\").get(\".invite-row-container\").find(\".remove-input\").click().get(\"form\").first().should(\"not.have\", \"input\");",
                  "err": {},
                  "uuid": "06587904-488b-4b6b-b048-d2b1b7a1084b",
                  "parentUUID": "13f506a2-fbc7-497b-a97b-44d33ffdd0d9",
                  "isHook": false,
                  "skipped": false
                },
                {
                  "title": "Should add an input row",
                  "fullTitle": "MILESTONE-2 -- Test for the dashboard from the perspective of a logged-in user performing common navigation actions Teammate Invitation Should add an input row",
                  "timedOut": null,
                  "duration": 959,
                  "state": "passed",
                  "speed": "slow",
                  "pass": true,
                  "fail": false,
                  "pending": false,
                  "context": null,
                  "code": "cy.get(\"#add\").click().get(\".email-input\").should(\"be.visible\").and(\"have.value\", \"\").get(\".name-input\").should(\"be.visible\").and(\"have.value\", \"\");",
                  "err": {},
                  "uuid": "5f1bd658-57fa-4f84-b2bc-30d847b9aacd",
                  "parentUUID": "13f506a2-fbc7-497b-a97b-44d33ffdd0d9",
                  "isHook": false,
                  "skipped": false
                }
              ],
              "suites": [],
              "passes": [
                "06587904-488b-4b6b-b048-d2b1b7a1084b",
                "5f1bd658-57fa-4f84-b2bc-30d847b9aacd"
              ],
              "failures": [
                "21f35829-3b59-4203-bbc8-f442467e662f"
              ],
              "pending": [],
              "skipped": [],
              "duration": 84534,
              "root": false,
              "rootEmpty": false,
              "_timeout": 2000
            },
            {
              "uuid": "c12adb4d-3441-4ce5-b4b1-40e29363c8be",
              "title": "Categories Actions",
              "fullFile": "",
              "file": "",
              "beforeHooks": [],
              "afterHooks": [],
              "tests": [
                {
                  "title": "Should create a category and keywords",
                  "fullTitle": "MILESTONE-2 -- Test for the dashboard from the perspective of a logged-in user performing common navigation actions Categories Actions Should create a category and keywords",
                  "timedOut": null,
                  "duration": 38600,
                  "state": "passed",
                  "speed": "slow",
                  "pass": true,
                  "fail": false,
                  "pending": false,
                  "context": null,
                  "code": "cy.visit(\"/categories\");\ncy.location(\"pathname\").should(\"eq\", \"/categories\");\ncy.get(\"#outlined-bare\").type(\"Business\").get(\"#property-chip\").type(\"Meeting\") // .type(\"{enter}\")\n.get(\"#outlined-bare\").invoke(\"val\", \"Business\").get(\"#property-chip\").invoke(\"val\", \"meeting\"); //considered incomplete because dom disapears",
                  "err": {},
                  "uuid": "81040351-5e8c-46d5-aeea-966aa0cd4b84",
                  "parentUUID": "c12adb4d-3441-4ce5-b4b1-40e29363c8be",
                  "isHook": false,
                  "skipped": false
                },
                {
                  "title": "Should remove category",
                  "fullTitle": "MILESTONE-2 -- Test for the dashboard from the perspective of a logged-in user performing common navigation actions Categories Actions Should remove category",
                  "timedOut": null,
                  "duration": 4993,
                  "state": "failed",
                  "speed": null,
                  "pass": false,
                  "fail": true,
                  "pending": false,
                  "context": null,
                  "code": "cy.get(\".property-name\").should(\"have.text\", \"Sample terms\").find(\"svg\").invoke(\"show\").click();",
                  "err": {
                    "message": "CypressError: Timed out retrying: Expected to find element: '.property-name', but never found it.",
                    "estack": "CypressError: Timed out retrying: Expected to find element: '.property-name', but never found it.\n    at Object.cypressErr (https://app.fireflies.ai/__cypress/runner/cypress_runner.js:83220:11)\n    at Object.throwErr (https://app.fireflies.ai/__cypress/runner/cypress_runner.js:83185:18)\n    at Object.throwErrByPath (https://app.fireflies.ai/__cypress/runner/cypress_runner.js:83212:17)\n    at retry (https://app.fireflies.ai/__cypress/runner/cypress_runner.js:76640:16)\n    at https://app.fireflies.ai/__cypress/runner/cypress_runner.js:68612:18\n    at tryCatcher (https://app.fireflies.ai/__cypress/runner/cypress_runner.js:132142:23)\n    at Promise._settlePromiseFromHandler (https://app.fireflies.ai/__cypress/runner/cypress_runner.js:130160:31)\n    at Promise._settlePromise (https://app.fireflies.ai/__cypress/runner/cypress_runner.js:130217:18)\n    at Promise._settlePromise0 (https://app.fireflies.ai/__cypress/runner/cypress_runner.js:130262:10)\n    at Promise._settlePromises (https://app.fireflies.ai/__cypress/runner/cypress_runner.js:130337:18)\n    at Async._drainQueue (https://app.fireflies.ai/__cypress/runner/cypress_runner.js:127066:16)\n    at Async._drainQueues (https://app.fireflies.ai/__cypress/runner/cypress_runner.js:127076:10)\n    at Async.drainQueues (https://app.fireflies.ai/__cypress/runner/cypress_runner.js:126950:14)\n    at <anonymous>",
                    "diff": null
                  },
                  "uuid": "13bb017d-f1b9-479e-9e22-4aeb9ad023c8",
                  "parentUUID": "c12adb4d-3441-4ce5-b4b1-40e29363c8be",
                  "isHook": false,
                  "skipped": false
                }
              ],
              "suites": [],
              "passes": [
                "81040351-5e8c-46d5-aeea-966aa0cd4b84"
              ],
              "failures": [
                "13bb017d-f1b9-479e-9e22-4aeb9ad023c8"
              ],
              "pending": [],
              "skipped": [],
              "duration": 43593,
              "root": false,
              "rootEmpty": false,
              "_timeout": 2000
            }
          ],
          "passes": [],
          "failures": [],
          "pending": [],
          "skipped": [],
          "duration": 0,
          "root": false,
          "rootEmpty": false,
          "_timeout": 2000
        }
      ],
      "passes": [],
      "failures": [],
      "pending": [],
      "skipped": [],
      "duration": 0,
      "root": true,
      "rootEmpty": true,
      "_timeout": 2000
    }
  ],
  "meta": {
    "mocha": {
      "version": "5.2.0"
    },
    "mochawesome": {
      "options": {
        "quiet": false,
        "reportFilename": "mochawesome",
        "saveHtml": false,
        "saveJson": true,
        "useInlineDiffs": false
      },
      "version": "4.0.1"
    },
    "marge": {
      "options": {
        "reportDir": "cypress/results",
        "overwrite": false,
        "html": false,
        "json": true
      },
      "version": "4.0.1"
    }
  }
}