{
  "stats": {
    "suites": 3,
    "tests": 0,
    "passes": 0,
    "pending": 0,
    "failures": 0,
    "start": "2019-07-28T01:52:55.502Z",
    "end": "2019-07-28T01:53:56.734Z",
    "duration": 61232,
    "testsRegistered": 5,
    "passPercent": 0,
    "pendingPercent": 0,
    "other": 2,
    "hasOther": true,
    "skipped": 5,
    "hasSkipped": true
  },
  "results": [
    {
      "uuid": "3f5e00b9-fc1e-49ac-bbbc-b9939fcb5c13",
      "title": "",
      "fullFile": "",
      "file": "",
      "beforeHooks": [],
      "afterHooks": [],
      "tests": [],
      "suites": [
        {
          "uuid": "297ac1e3-cb25-402a-854a-eb90c39ec329",
          "title": "MILESTONE-2 -- Test for the dashboard from the perspective of a logged-in user performing common navigation actions",
          "fullFile": "",
          "file": "",
          "beforeHooks": [],
          "afterHooks": [],
          "tests": [],
          "suites": [
            {
              "uuid": "e2597c0e-7bb0-496a-ad4c-c44e12de358a",
              "title": "Teammate Invitation",
              "fullFile": "",
              "file": "",
              "beforeHooks": [],
              "afterHooks": [],
              "tests": [
                {
                  "title": "should send teammate invite",
                  "fullTitle": "MILESTONE-2 -- Test for the dashboard from the perspective of a logged-in user performing common navigation actions Teammate Invitation should send teammate invite",
                  "timedOut": null,
                  "duration": 40759,
                  "state": "failed",
                  "speed": null,
                  "pass": false,
                  "fail": true,
                  "pending": false,
                  "context": null,
                  "code": "cy.get(\".upscentral-button-separator\").find(\".invite-teammates\").should(\"have.text\", \"Invite Teammates\").click();\ncy.get(\".team-wrapper\").find(\"h3\").first().should(\"have.text\", \"Invite Teammates \"); //mind the space\ncy.get(\".invite-input-container\").find(\".email-input\").should(\"have.value\", \"\").type(invite_email).get(\".name-input\").should(\"have.value\", \"\").type(\"Oluwafisayo\").get(\"#send\").find(\".shared-ui-button_1RE5sx\").should(\"have.text\", \"sendSend Invitations\") //mind the sendSend. not a typo. trying to parse the icon.\n.click() // .find(\".shared-ui-button_1RE5sx\")\n.should(\"have.text\", \"sendSending...\") //mind the sendSending... not a typo. trying to parse the icon.\n.wait(100).get(\".add-members-container\").should(\"have.text\", \"checkInvitations Sent Successfully\"); //mind the checkInvitations. not a typo. trying to parse the icon.",
                  "err": {
                    "message": "CypressError: Timed out retrying: Expected to find element: '.close-dialog', but never found it.\n\nBecause this error occurred during a 'before all' hook we are skipping the remaining tests in the current suite: 'Teammate Invitation'",
                    "estack": "CypressError: Timed out retrying: Expected to find element: '.close-dialog', but never found it.\n\nBecause this error occurred during a 'before all' hook we are skipping the remaining tests in the current suite: 'Teammate Invitation'\n    at Object.cypressErr (https://app.fireflies.ai/__cypress/runner/cypress_runner.js:83220:11)\n    at Object.throwErr (https://app.fireflies.ai/__cypress/runner/cypress_runner.js:83185:18)\n    at Object.throwErrByPath (https://app.fireflies.ai/__cypress/runner/cypress_runner.js:83212:17)\n    at retry (https://app.fireflies.ai/__cypress/runner/cypress_runner.js:76640:16)\n    at https://app.fireflies.ai/__cypress/runner/cypress_runner.js:68612:18\n    at tryCatcher (https://app.fireflies.ai/__cypress/runner/cypress_runner.js:132142:23)\n    at Promise._settlePromiseFromHandler (https://app.fireflies.ai/__cypress/runner/cypress_runner.js:130160:31)\n    at Promise._settlePromise (https://app.fireflies.ai/__cypress/runner/cypress_runner.js:130217:18)\n    at Promise._settlePromise0 (https://app.fireflies.ai/__cypress/runner/cypress_runner.js:130262:10)\n    at Promise._settlePromises (https://app.fireflies.ai/__cypress/runner/cypress_runner.js:130337:18)\n    at Async._drainQueue (https://app.fireflies.ai/__cypress/runner/cypress_runner.js:127066:16)\n    at Async._drainQueues (https://app.fireflies.ai/__cypress/runner/cypress_runner.js:127076:10)\n    at Async.drainQueues (https://app.fireflies.ai/__cypress/runner/cypress_runner.js:126950:14)\n    at <anonymous>",
                    "diff": null
                  },
                  "uuid": "9c0ad2b3-6ed7-4ff0-a9a1-48e52957f5e9",
                  "parentUUID": "e2597c0e-7bb0-496a-ad4c-c44e12de358a",
                  "isHook": false,
                  "skipped": false
                },
                {
                  "title": "Should remove an input row",
                  "fullTitle": "MILESTONE-2 -- Test for the dashboard from the perspective of a logged-in user performing common navigation actions Teammate Invitation Should remove an input row",
                  "timedOut": null,
                  "duration": 0,
                  "state": "skipped",
                  "speed": null,
                  "pass": false,
                  "fail": false,
                  "pending": false,
                  "context": null,
                  "code": "cy.get(\"input\").first().should(\"be.visible\").get(\".invite-row-container\").find(\".remove-input\").click().get(\"form\").first().should(\"not.have\", \"input\");",
                  "err": {},
                  "uuid": "fff4acb4-6430-4769-bd77-640c5b933f8a",
                  "parentUUID": "e2597c0e-7bb0-496a-ad4c-c44e12de358a",
                  "isHook": false,
                  "skipped": true
                },
                {
                  "title": "Should add an input row",
                  "fullTitle": "MILESTONE-2 -- Test for the dashboard from the perspective of a logged-in user performing common navigation actions Teammate Invitation Should add an input row",
                  "timedOut": null,
                  "duration": 0,
                  "state": "skipped",
                  "speed": null,
                  "pass": false,
                  "fail": false,
                  "pending": false,
                  "context": null,
                  "code": "cy.get(\"#add\").click().get(\".email-input\").should(\"be.visible\").and(\"have.value\", \"\").get(\".name-input\").should(\"be.visible\").and(\"have.value\", \"\");",
                  "err": {},
                  "uuid": "1fd7602e-cc9b-4549-930b-da417528e40b",
                  "parentUUID": "e2597c0e-7bb0-496a-ad4c-c44e12de358a",
                  "isHook": false,
                  "skipped": true
                }
              ],
              "suites": [],
              "passes": [],
              "failures": [
                "9c0ad2b3-6ed7-4ff0-a9a1-48e52957f5e9"
              ],
              "pending": [],
              "skipped": [
                "fff4acb4-6430-4769-bd77-640c5b933f8a",
                "1fd7602e-cc9b-4549-930b-da417528e40b"
              ],
              "duration": 40759,
              "root": false,
              "rootEmpty": false,
              "_timeout": 2000
            },
            {
              "uuid": "8450f7b5-4a89-40e5-a54a-1908c4f04978",
              "title": "Categories Actions",
              "fullFile": "",
              "file": "",
              "beforeHooks": [],
              "afterHooks": [],
              "tests": [
                {
                  "title": "Should create a category and keywords",
                  "fullTitle": "MILESTONE-2 -- Test for the dashboard from the perspective of a logged-in user performing common navigation actions Categories Actions Should create a category and keywords",
                  "timedOut": null,
                  "duration": 20215,
                  "state": "failed",
                  "speed": null,
                  "pass": false,
                  "fail": true,
                  "pending": false,
                  "context": null,
                  "code": "cy.visit(\"/categories\");\ncy.location(\"pathname\").should(\"eq\", \"/categories\");\ncy.get(\"#outlined-bare\").type(\"Business\").get(\"#property-chip\").type(\"Meeting\") // .type(\"{enter}\")\n.get(\"#outlined-bare\").invoke(\"val\", \"Business\").get(\"#property-chip\").invoke(\"val\", \"meeting\"); //considered incomplete because dom disapears",
                  "err": {
                    "message": "CypressError: Timed out retrying: Expected to find element: '.hidden-login', but never found it.\n\nBecause this error occurred during a 'before all' hook we are skipping the remaining tests in the current suite: 'Categories Actions'",
                    "estack": "CypressError: Timed out retrying: Expected to find element: '.hidden-login', but never found it.\n\nBecause this error occurred during a 'before all' hook we are skipping the remaining tests in the current suite: 'Categories Actions'\n    at Object.cypressErr (https://app.fireflies.ai/__cypress/runner/cypress_runner.js:83220:11)\n    at Object.throwErr (https://app.fireflies.ai/__cypress/runner/cypress_runner.js:83185:18)\n    at Object.throwErrByPath (https://app.fireflies.ai/__cypress/runner/cypress_runner.js:83212:17)\n    at retry (https://app.fireflies.ai/__cypress/runner/cypress_runner.js:76640:16)\n    at https://app.fireflies.ai/__cypress/runner/cypress_runner.js:68612:18\n    at tryCatcher (https://app.fireflies.ai/__cypress/runner/cypress_runner.js:132142:23)\n    at Promise._settlePromiseFromHandler (https://app.fireflies.ai/__cypress/runner/cypress_runner.js:130160:31)\n    at Promise._settlePromise (https://app.fireflies.ai/__cypress/runner/cypress_runner.js:130217:18)\n    at Promise._settlePromise0 (https://app.fireflies.ai/__cypress/runner/cypress_runner.js:130262:10)\n    at Promise._settlePromises (https://app.fireflies.ai/__cypress/runner/cypress_runner.js:130337:18)\n    at Async._drainQueue (https://app.fireflies.ai/__cypress/runner/cypress_runner.js:127066:16)\n    at Async._drainQueues (https://app.fireflies.ai/__cypress/runner/cypress_runner.js:127076:10)\n    at Async.drainQueues (https://app.fireflies.ai/__cypress/runner/cypress_runner.js:126950:14)\n    at <anonymous>",
                    "diff": null
                  },
                  "uuid": "0aba8f2e-ba99-4c42-846d-2f4bca7f6a36",
                  "parentUUID": "8450f7b5-4a89-40e5-a54a-1908c4f04978",
                  "isHook": false,
                  "skipped": false
                },
                {
                  "title": "Should remove category",
                  "fullTitle": "MILESTONE-2 -- Test for the dashboard from the perspective of a logged-in user performing common navigation actions Categories Actions Should remove category",
                  "timedOut": null,
                  "duration": 0,
                  "state": "skipped",
                  "speed": null,
                  "pass": false,
                  "fail": false,
                  "pending": false,
                  "context": null,
                  "code": "cy.get(\".property-name\").should(\"have.text\", \"Sample terms\").find(\"svg\").invoke(\"show\").click();",
                  "err": {},
                  "uuid": "ac61726a-b147-4774-972e-a694c1b9f46c",
                  "parentUUID": "8450f7b5-4a89-40e5-a54a-1908c4f04978",
                  "isHook": false,
                  "skipped": true
                }
              ],
              "suites": [],
              "passes": [],
              "failures": [
                "0aba8f2e-ba99-4c42-846d-2f4bca7f6a36"
              ],
              "pending": [],
              "skipped": [
                "ac61726a-b147-4774-972e-a694c1b9f46c"
              ],
              "duration": 20215,
              "root": false,
              "rootEmpty": false,
              "_timeout": 2000
            }
          ],
          "passes": [],
          "failures": [],
          "pending": [],
          "skipped": [],
          "duration": 0,
          "root": false,
          "rootEmpty": false,
          "_timeout": 2000
        }
      ],
      "passes": [],
      "failures": [],
      "pending": [],
      "skipped": [],
      "duration": 0,
      "root": true,
      "rootEmpty": true,
      "_timeout": 2000
    }
  ],
  "meta": {
    "mocha": {
      "version": "5.2.0"
    },
    "mochawesome": {
      "options": {
        "quiet": false,
        "reportFilename": "mochawesome",
        "saveHtml": false,
        "saveJson": true,
        "useInlineDiffs": false
      },
      "version": "4.0.1"
    },
    "marge": {
      "options": {
        "reportDir": "cypress/results",
        "overwrite": false,
        "html": false,
        "json": true
      },
      "version": "4.0.1"
    }
  }
}